<?xml version="1.0" encoding="UTF-8"?>
<!-- Generated by org.testng.reporters.JUnitXMLReporter -->
<testsuite ignored="0" hostname="ArunMotoori" failures="1" tests="7" name="Test" time="41.267" errors="0" timestamp="2022-09-05T11:57:50 IST">
  <testcase classname="tests.RegisterTest" name="registerWithMandatoryFields" time="1.765"/>
  <testcase classname="tests.RegisterTest" name="registerWithAllFields" time="1.726"/>
  <testcase classname="tests.LoginTest" name="loginWithValidCrendetials" time="1.076">
    <failure type="java.lang.AssertionError" message="expected [false] but found [true]">
      <![CDATA[java.lang.AssertionError: expected [false] but found [true]
at tests.LoginTest.loginWithValidCrendetials(LoginTest.java:41)
at java.base/java.util.ArrayList.forEach(ArrayList.java:1511)
... Removed 31 stack frames]]>
    </failure>
  </testcase> <!-- loginWithValidCrendetials -->
  <testcase classname="tests.LoginTest" name="loginWithInvalidCredentials" time="1.019"/>
  <testcase classname="tests.SearchTest" name="searchWithValidProductName" time="0.551"/>
  <testcase classname="tests.SearchTest" name="searchWithInvalidProductName" time="0.56"/>
  <testcase classname="tests.SearchTest" name="searchByNotProvidingAnyProductName" time="0.569"/>
</testsuite> <!-- Test -->
